11.07.2023 18:42:49.124 [main] INFO  i.p.L.LatifFirstSpringBotApplication - Starting LatifFirstSpringBotApplication using Java 20.0.1 with PID 19640 (D:\IdeaProjects\LatifFirstSpringBot\target\classes started by User in D:\IdeaProjects\LatifFirstSpringBot)
11.07.2023 18:42:49.130 [main] INFO  i.p.L.LatifFirstSpringBotApplication - No active profile set, falling back to 1 default profile: "default"
11.07.2023 18:42:50.225 [main] INFO  o.s.d.r.c.RepositoryConfigurationDelegate - Bootstrapping Spring Data JPA repositories in DEFAULT mode.
11.07.2023 18:42:50.309 [main] INFO  o.s.d.r.c.RepositoryConfigurationDelegate - Finished Spring Data repository scanning in 69 ms. Found 1 JPA repository interfaces.
11.07.2023 18:42:51.308 [main] INFO  o.s.b.w.e.t.TomcatWebServer - Tomcat initialized with port(s): 8080 (http)
11.07.2023 18:42:51.330 [main] INFO  o.a.c.c.StandardService - Starting service [Tomcat]
11.07.2023 18:42:51.332 [main] INFO  o.a.c.c.StandardEngine - Starting Servlet engine: [Apache Tomcat/10.1.10]
11.07.2023 18:42:51.483 [main] INFO  o.a.c.c.C.[.[.[/] - Initializing Spring embedded WebApplicationContext
11.07.2023 18:42:51.485 [main] INFO  o.s.b.w.s.c.ServletWebServerApplicationContext - Root WebApplicationContext: initialization completed in 2280 ms
11.07.2023 18:42:51.779 [main] INFO  o.h.j.i.u.LogHelper - HHH000204: Processing PersistenceUnitInfo [name: default]
11.07.2023 18:42:51.946 [main] INFO  o.hibernate.Version - HHH000412: Hibernate ORM core version 6.2.5.Final
11.07.2023 18:42:51.953 [main] INFO  o.h.cfg.Environment - HHH000406: Using bytecode reflection optimizer
11.07.2023 18:42:52.182 [main] INFO  o.h.b.i.BytecodeProviderInitiator - HHH000021: Bytecode provider name : bytebuddy
11.07.2023 18:42:52.322 [main] INFO  o.s.o.j.p.SpringPersistenceUnitInfo - No LoadTimeWeaver setup: ignoring JPA class transformer
11.07.2023 18:42:52.354 [main] INFO  c.z.h.HikariDataSource - HikariPool-1 - Starting...
11.07.2023 18:42:53.072 [main] INFO  c.z.h.p.HikariPool - HikariPool-1 - Added connection com.mysql.cj.jdbc.ConnectionImpl@1cc93da4
11.07.2023 18:42:53.074 [main] INFO  c.z.h.HikariDataSource - HikariPool-1 - Start completed.
11.07.2023 18:42:53.169 [main] WARN  o.h.orm.deprecation - HHH90000026: MySQL8Dialect has been deprecated; use org.hibernate.dialect.MySQLDialect instead
11.07.2023 18:42:53.512 [main] INFO  o.h.b.i.BytecodeProviderInitiator - HHH000021: Bytecode provider name : bytebuddy
11.07.2023 18:42:54.297 [main] INFO  o.h.e.t.j.p.i.JtaPlatformInitiator - HHH000490: Using JtaPlatform implementation: [org.hibernate.engine.transaction.jta.platform.internal.NoJtaPlatform]
11.07.2023 18:42:54.510 [main] INFO  o.s.o.j.LocalContainerEntityManagerFactoryBean - Initialized JPA EntityManagerFactory for persistence unit 'default'
11.07.2023 18:42:56.784 [main] INFO  o.s.a.f.CglibAopProxy - Unable to proxy interface-implementing method [public final org.telegram.telegrambots.bots.DefaultBotOptions org.telegram.telegrambots.bots.DefaultAbsSender.getOptions()] because it is marked as final: Consider using interface-based JDK proxies instead!
11.07.2023 18:42:57.049 [main] WARN  o.s.b.a.o.j.JpaBaseConfiguration$JpaWebConfiguration - spring.jpa.open-in-view is enabled by default. Therefore, database queries may be performed during view rendering. Explicitly configure spring.jpa.open-in-view to disable this warning
11.07.2023 18:42:58.988 [main] INFO  o.s.b.w.e.t.TomcatWebServer - Tomcat started on port(s): 8080 (http) with context path ''
11.07.2023 18:42:59.031 [main] INFO  i.p.L.a.LoggingAspect - RUN SERVICE:
SERVICE_METHOD : io.proj3ct.LatifFirstSpringBot.service.TelegramBot.getBotToken
11.07.2023 18:42:59.032 [main] INFO  i.p.L.a.LoggingAspect - 
Return value: 6394428886:AAFTbMYhylKKIXdqQwlAcgZM_yoGU1LymV0
END OF REQUEST
11.07.2023 18:42:59.038 [main] INFO  i.p.L.a.LoggingAspect - RUN SERVICE:
SERVICE_METHOD : io.proj3ct.LatifFirstSpringBot.service.TelegramBot.getBotUsername
11.07.2023 18:42:59.038 [main] INFO  i.p.L.a.LoggingAspect - 
Return value: LatifFirstBot
END OF REQUEST
11.07.2023 18:42:59.403 [main] INFO  i.p.L.a.LoggingAspect - RUN SERVICE:
SERVICE_METHOD : io.proj3ct.LatifFirstSpringBot.service.TelegramBot.getBotToken
11.07.2023 18:42:59.404 [main] INFO  i.p.L.a.LoggingAspect - 
Return value: 6394428886:AAFTbMYhylKKIXdqQwlAcgZM_yoGU1LymV0
END OF REQUEST
11.07.2023 18:42:59.409 [main] INFO  i.p.L.a.LoggingAspect - RUN SERVICE:
SERVICE_METHOD : io.proj3ct.LatifFirstSpringBot.service.TelegramBot.getBotUsername
11.07.2023 18:42:59.410 [main] INFO  i.p.L.a.LoggingAspect - 
Return value: LatifFirstBot
END OF REQUEST
11.07.2023 18:42:59.415 [main] INFO  i.p.L.a.LoggingAspect - RUN SERVICE:
SERVICE_METHOD : io.proj3ct.LatifFirstSpringBot.service.TelegramBot.getBotUsername
11.07.2023 18:42:59.415 [main] INFO  i.p.L.a.LoggingAspect - 
Return value: LatifFirstBot
END OF REQUEST
11.07.2023 18:42:59.420 [main] INFO  i.p.L.LatifFirstSpringBotApplication - Started LatifFirstSpringBotApplication in 10.843 seconds (process running for 12.258)
11.07.2023 18:43:31.431 [LatifFirstBot Telegram Executor] INFO  i.p.L.s.TelegramBot - user saved User(chatId=5100940292, forename=Λατίφους, surname=Саит, userName=Sailatif, registeredAT=2023-07-11T18:43:31.431536900)
11.07.2023 18:43:31.542 [LatifFirstBot Telegram Executor] INFO  i.p.L.s.TelegramBot - Replied to user: Λατίφους
11.07.2023 18:46:25.104 [SpringApplicationShutdownHook] INFO  o.s.o.j.LocalContainerEntityManagerFactoryBean - Closing JPA EntityManagerFactory for persistence unit 'default'
11.07.2023 18:46:25.109 [SpringApplicationShutdownHook] INFO  c.z.h.HikariDataSource - HikariPool-1 - Shutdown initiated...
11.07.2023 18:46:25.119 [SpringApplicationShutdownHook] INFO  c.z.h.HikariDataSource - HikariPool-1 - Shutdown completed.
11.07.2023 18:56:37.326 [main] INFO  i.p.L.LatifFirstSpringBotApplication - Starting LatifFirstSpringBotApplication using Java 20.0.1 with PID 20536 (D:\IdeaProjects\LatifFirstSpringBot\target\classes started by User in D:\IdeaProjects\LatifFirstSpringBot)
11.07.2023 18:56:37.329 [main] INFO  i.p.L.LatifFirstSpringBotApplication - No active profile set, falling back to 1 default profile: "default"
11.07.2023 18:56:38.325 [main] INFO  o.s.d.r.c.RepositoryConfigurationDelegate - Bootstrapping Spring Data JPA repositories in DEFAULT mode.
11.07.2023 18:56:38.399 [main] INFO  o.s.d.r.c.RepositoryConfigurationDelegate - Finished Spring Data repository scanning in 63 ms. Found 1 JPA repository interfaces.
11.07.2023 18:56:39.292 [main] INFO  o.s.b.w.e.t.TomcatWebServer - Tomcat initialized with port(s): 8080 (http)
11.07.2023 18:56:39.307 [main] INFO  o.a.c.c.StandardService - Starting service [Tomcat]
11.07.2023 18:56:39.307 [main] INFO  o.a.c.c.StandardEngine - Starting Servlet engine: [Apache Tomcat/10.1.10]
11.07.2023 18:56:39.409 [main] INFO  o.a.c.c.C.[.[.[/] - Initializing Spring embedded WebApplicationContext
11.07.2023 18:56:39.410 [main] INFO  o.s.b.w.s.c.ServletWebServerApplicationContext - Root WebApplicationContext: initialization completed in 1997 ms
11.07.2023 18:56:39.647 [main] INFO  o.h.j.i.u.LogHelper - HHH000204: Processing PersistenceUnitInfo [name: default]
11.07.2023 18:56:39.809 [main] INFO  o.hibernate.Version - HHH000412: Hibernate ORM core version 6.2.5.Final
11.07.2023 18:56:39.813 [main] INFO  o.h.cfg.Environment - HHH000406: Using bytecode reflection optimizer
11.07.2023 18:56:40.033 [main] INFO  o.h.b.i.BytecodeProviderInitiator - HHH000021: Bytecode provider name : bytebuddy
11.07.2023 18:56:40.540 [main] INFO  o.s.o.j.p.SpringPersistenceUnitInfo - No LoadTimeWeaver setup: ignoring JPA class transformer
11.07.2023 18:56:40.577 [main] INFO  c.z.h.HikariDataSource - HikariPool-1 - Starting...
11.07.2023 18:56:42.514 [main] INFO  c.z.h.p.HikariPool - HikariPool-1 - Added connection com.mysql.cj.jdbc.ConnectionImpl@19647566
11.07.2023 18:56:42.517 [main] INFO  c.z.h.HikariDataSource - HikariPool-1 - Start completed.
11.07.2023 18:56:42.598 [main] WARN  o.h.orm.deprecation - HHH90000026: MySQL8Dialect has been deprecated; use org.hibernate.dialect.MySQLDialect instead
11.07.2023 18:56:43.024 [main] INFO  o.h.b.i.BytecodeProviderInitiator - HHH000021: Bytecode provider name : bytebuddy
11.07.2023 18:56:43.770 [main] INFO  o.h.e.t.j.p.i.JtaPlatformInitiator - HHH000490: Using JtaPlatform implementation: [org.hibernate.engine.transaction.jta.platform.internal.NoJtaPlatform]
11.07.2023 18:56:43.902 [main] INFO  o.s.o.j.LocalContainerEntityManagerFactoryBean - Initialized JPA EntityManagerFactory for persistence unit 'default'
11.07.2023 18:56:46.868 [main] INFO  o.s.a.f.CglibAopProxy - Unable to proxy interface-implementing method [public final org.telegram.telegrambots.bots.DefaultBotOptions org.telegram.telegrambots.bots.DefaultAbsSender.getOptions()] because it is marked as final: Consider using interface-based JDK proxies instead!
11.07.2023 18:56:46.954 [main] WARN  o.s.b.a.o.j.JpaBaseConfiguration$JpaWebConfiguration - spring.jpa.open-in-view is enabled by default. Therefore, database queries may be performed during view rendering. Explicitly configure spring.jpa.open-in-view to disable this warning
11.07.2023 18:56:47.491 [main] INFO  o.s.b.w.e.t.TomcatWebServer - Tomcat started on port(s): 8080 (http) with context path ''
11.07.2023 18:56:47.503 [main] INFO  i.p.L.a.LoggingAspect - RUN SERVICE:
SERVICE_METHOD : io.proj3ct.LatifFirstSpringBot.service.TelegramBot.getBotToken
11.07.2023 18:56:47.504 [main] INFO  i.p.L.a.LoggingAspect - 
Return value: 6394428886:AAFTbMYhylKKIXdqQwlAcgZM_yoGU1LymV0
END OF REQUEST
11.07.2023 18:56:47.507 [main] INFO  i.p.L.a.LoggingAspect - RUN SERVICE:
SERVICE_METHOD : io.proj3ct.LatifFirstSpringBot.service.TelegramBot.getBotUsername
11.07.2023 18:56:47.508 [main] INFO  i.p.L.a.LoggingAspect - 
Return value: LatifFirstBot
END OF REQUEST
11.07.2023 18:56:48.184 [main] INFO  i.p.L.a.LoggingAspect - RUN SERVICE:
SERVICE_METHOD : io.proj3ct.LatifFirstSpringBot.service.TelegramBot.getBotToken
11.07.2023 18:56:48.185 [main] INFO  i.p.L.a.LoggingAspect - 
Return value: 6394428886:AAFTbMYhylKKIXdqQwlAcgZM_yoGU1LymV0
END OF REQUEST
11.07.2023 18:56:48.189 [main] INFO  i.p.L.a.LoggingAspect - RUN SERVICE:
SERVICE_METHOD : io.proj3ct.LatifFirstSpringBot.service.TelegramBot.getBotUsername
11.07.2023 18:56:48.189 [main] INFO  i.p.L.a.LoggingAspect - 
Return value: LatifFirstBot
END OF REQUEST
11.07.2023 18:56:48.194 [main] INFO  i.p.L.a.LoggingAspect - RUN SERVICE:
SERVICE_METHOD : io.proj3ct.LatifFirstSpringBot.service.TelegramBot.getBotUsername
11.07.2023 18:56:48.194 [main] INFO  i.p.L.a.LoggingAspect - 
Return value: LatifFirstBot
END OF REQUEST
11.07.2023 18:56:48.198 [main] INFO  i.p.L.LatifFirstSpringBotApplication - Started LatifFirstSpringBotApplication in 11.645 seconds (process running for 12.954)
11.07.2023 18:56:52.264 [LatifFirstBot Telegram Executor] ERROR o.t.t.u.DefaultBotSession - Cannot invoke "org.telegram.telegrambots.meta.api.objects.Message.getMessageId()" because the return value of "org.telegram.telegrambots.meta.api.objects.Update.getMessage()" is null
java.lang.NullPointerException: Cannot invoke "org.telegram.telegrambots.meta.api.objects.Message.getMessageId()" because the return value of "org.telegram.telegrambots.meta.api.objects.Update.getMessage()" is null
	at io.proj3ct.LatifFirstSpringBot.service.TelegramBot.onUpdateReceived(TelegramBot.java:89)
	at java.base/java.util.ArrayList.forEach(ArrayList.java:1511)
	at org.telegram.telegrambots.meta.generics.LongPollingBot.onUpdatesReceived(LongPollingBot.java:27)
	at java.base/jdk.internal.reflect.DirectMethodHandleAccessor.invoke(DirectMethodHandleAccessor.java:104)
	at java.base/java.lang.reflect.Method.invoke(Method.java:578)
	at org.springframework.aop.support.AopUtils.invokeJoinpointUsingReflection(AopUtils.java:343)
	at org.springframework.aop.framework.ReflectiveMethodInvocation.invokeJoinpoint(ReflectiveMethodInvocation.java:196)
	at org.springframework.aop.framework.ReflectiveMethodInvocation.proceed(ReflectiveMethodInvocation.java:163)
	at org.springframework.aop.framework.CglibAopProxy$CglibMethodInvocation.proceed(CglibAopProxy.java:756)
	at org.springframework.aop.interceptor.ExposeInvocationInterceptor.invoke(ExposeInvocationInterceptor.java:97)
	at org.springframework.aop.framework.ReflectiveMethodInvocation.proceed(ReflectiveMethodInvocation.java:184)
	at org.springframework.aop.framework.CglibAopProxy$CglibMethodInvocation.proceed(CglibAopProxy.java:756)
	at org.springframework.aop.framework.CglibAopProxy$DynamicAdvisedInterceptor.intercept(CglibAopProxy.java:708)
	at io.proj3ct.LatifFirstSpringBot.service.TelegramBot$$SpringCGLIB$$0.onUpdatesReceived(<generated>)
	at org.telegram.telegrambots.updatesreceivers.DefaultBotSession$HandlerThread.run(DefaultBotSession.java:317)
11.07.2023 18:56:58.667 [LatifFirstBot Telegram Executor] INFO  i.p.L.s.TelegramBot - user saved User(chatId=5100940292, forename=Λατίφους, surname=Саит, userName=Sailatif, registeredAT=2023-07-11T18:56:58.666586)
11.07.2023 18:56:58.770 [LatifFirstBot Telegram Executor] INFO  i.p.L.s.TelegramBot - Replied to user: Λατίφους
11.07.2023 18:57:08.536 [LatifFirstBot Telegram Executor] ERROR o.t.t.u.DefaultBotSession - Cannot invoke "org.telegram.telegrambots.meta.api.objects.Message.getMessageId()" because the return value of "org.telegram.telegrambots.meta.api.objects.Update.getMessage()" is null
java.lang.NullPointerException: Cannot invoke "org.telegram.telegrambots.meta.api.objects.Message.getMessageId()" because the return value of "org.telegram.telegrambots.meta.api.objects.Update.getMessage()" is null
	at io.proj3ct.LatifFirstSpringBot.service.TelegramBot.onUpdateReceived(TelegramBot.java:89)
	at java.base/java.util.ArrayList.forEach(ArrayList.java:1511)
	at org.telegram.telegrambots.meta.generics.LongPollingBot.onUpdatesReceived(LongPollingBot.java:27)
	at java.base/jdk.internal.reflect.DirectMethodHandleAccessor.invoke(DirectMethodHandleAccessor.java:104)
	at java.base/java.lang.reflect.Method.invoke(Method.java:578)
	at org.springframework.aop.support.AopUtils.invokeJoinpointUsingReflection(AopUtils.java:343)
	at org.springframework.aop.framework.ReflectiveMethodInvocation.invokeJoinpoint(ReflectiveMethodInvocation.java:196)
	at org.springframework.aop.framework.ReflectiveMethodInvocation.proceed(ReflectiveMethodInvocation.java:163)
	at org.springframework.aop.framework.CglibAopProxy$CglibMethodInvocation.proceed(CglibAopProxy.java:756)
	at org.springframework.aop.interceptor.ExposeInvocationInterceptor.invoke(ExposeInvocationInterceptor.java:97)
	at org.springframework.aop.framework.ReflectiveMethodInvocation.proceed(ReflectiveMethodInvocation.java:184)
	at org.springframework.aop.framework.CglibAopProxy$CglibMethodInvocation.proceed(CglibAopProxy.java:756)
	at org.springframework.aop.framework.CglibAopProxy$DynamicAdvisedInterceptor.intercept(CglibAopProxy.java:708)
	at io.proj3ct.LatifFirstSpringBot.service.TelegramBot$$SpringCGLIB$$0.onUpdatesReceived(<generated>)
	at org.telegram.telegrambots.updatesreceivers.DefaultBotSession$HandlerThread.run(DefaultBotSession.java:317)
11.07.2023 18:57:10.361 [LatifFirstBot Telegram Executor] ERROR o.t.t.u.DefaultBotSession - Cannot invoke "org.telegram.telegrambots.meta.api.objects.Message.getMessageId()" because the return value of "org.telegram.telegrambots.meta.api.objects.Update.getMessage()" is null
java.lang.NullPointerException: Cannot invoke "org.telegram.telegrambots.meta.api.objects.Message.getMessageId()" because the return value of "org.telegram.telegrambots.meta.api.objects.Update.getMessage()" is null
	at io.proj3ct.LatifFirstSpringBot.service.TelegramBot.onUpdateReceived(TelegramBot.java:89)
	at java.base/java.util.ArrayList.forEach(ArrayList.java:1511)
	at org.telegram.telegrambots.meta.generics.LongPollingBot.onUpdatesReceived(LongPollingBot.java:27)
	at java.base/jdk.internal.reflect.DirectMethodHandleAccessor.invoke(DirectMethodHandleAccessor.java:104)
	at java.base/java.lang.reflect.Method.invoke(Method.java:578)
	at org.springframework.aop.support.AopUtils.invokeJoinpointUsingReflection(AopUtils.java:343)
	at org.springframework.aop.framework.ReflectiveMethodInvocation.invokeJoinpoint(ReflectiveMethodInvocation.java:196)
	at org.springframework.aop.framework.ReflectiveMethodInvocation.proceed(ReflectiveMethodInvocation.java:163)
	at org.springframework.aop.framework.CglibAopProxy$CglibMethodInvocation.proceed(CglibAopProxy.java:756)
	at org.springframework.aop.interceptor.ExposeInvocationInterceptor.invoke(ExposeInvocationInterceptor.java:97)
	at org.springframework.aop.framework.ReflectiveMethodInvocation.proceed(ReflectiveMethodInvocation.java:184)
	at org.springframework.aop.framework.CglibAopProxy$CglibMethodInvocation.proceed(CglibAopProxy.java:756)
	at org.springframework.aop.framework.CglibAopProxy$DynamicAdvisedInterceptor.intercept(CglibAopProxy.java:708)
	at io.proj3ct.LatifFirstSpringBot.service.TelegramBot$$SpringCGLIB$$0.onUpdatesReceived(<generated>)
	at org.telegram.telegrambots.updatesreceivers.DefaultBotSession$HandlerThread.run(DefaultBotSession.java:317)
11.07.2023 18:57:11.056 [LatifFirstBot Telegram Executor] ERROR o.t.t.u.DefaultBotSession - Cannot invoke "org.telegram.telegrambots.meta.api.objects.Message.getMessageId()" because the return value of "org.telegram.telegrambots.meta.api.objects.Update.getMessage()" is null
java.lang.NullPointerException: Cannot invoke "org.telegram.telegrambots.meta.api.objects.Message.getMessageId()" because the return value of "org.telegram.telegrambots.meta.api.objects.Update.getMessage()" is null
	at io.proj3ct.LatifFirstSpringBot.service.TelegramBot.onUpdateReceived(TelegramBot.java:89)
	at java.base/java.util.ArrayList.forEach(ArrayList.java:1511)
	at org.telegram.telegrambots.meta.generics.LongPollingBot.onUpdatesReceived(LongPollingBot.java:27)
	at java.base/jdk.internal.reflect.DirectMethodHandleAccessor.invoke(DirectMethodHandleAccessor.java:104)
	at java.base/java.lang.reflect.Method.invoke(Method.java:578)
	at org.springframework.aop.support.AopUtils.invokeJoinpointUsingReflection(AopUtils.java:343)
	at org.springframework.aop.framework.ReflectiveMethodInvocation.invokeJoinpoint(ReflectiveMethodInvocation.java:196)
	at org.springframework.aop.framework.ReflectiveMethodInvocation.proceed(ReflectiveMethodInvocation.java:163)
	at org.springframework.aop.framework.CglibAopProxy$CglibMethodInvocation.proceed(CglibAopProxy.java:756)
	at org.springframework.aop.interceptor.ExposeInvocationInterceptor.invoke(ExposeInvocationInterceptor.java:97)
	at org.springframework.aop.framework.ReflectiveMethodInvocation.proceed(ReflectiveMethodInvocation.java:184)
	at org.springframework.aop.framework.CglibAopProxy$CglibMethodInvocation.proceed(CglibAopProxy.java:756)
	at org.springframework.aop.framework.CglibAopProxy$DynamicAdvisedInterceptor.intercept(CglibAopProxy.java:708)
	at io.proj3ct.LatifFirstSpringBot.service.TelegramBot$$SpringCGLIB$$0.onUpdatesReceived(<generated>)
	at org.telegram.telegrambots.updatesreceivers.DefaultBotSession$HandlerThread.run(DefaultBotSession.java:317)
11.07.2023 18:57:11.140 [LatifFirstBot Telegram Executor] ERROR o.t.t.u.DefaultBotSession - Cannot invoke "org.telegram.telegrambots.meta.api.objects.Message.getMessageId()" because the return value of "org.telegram.telegrambots.meta.api.objects.Update.getMessage()" is null
java.lang.NullPointerException: Cannot invoke "org.telegram.telegrambots.meta.api.objects.Message.getMessageId()" because the return value of "org.telegram.telegrambots.meta.api.objects.Update.getMessage()" is null
	at io.proj3ct.LatifFirstSpringBot.service.TelegramBot.onUpdateReceived(TelegramBot.java:89)
	at java.base/java.util.ArrayList.forEach(ArrayList.java:1511)
	at org.telegram.telegrambots.meta.generics.LongPollingBot.onUpdatesReceived(LongPollingBot.java:27)
	at java.base/jdk.internal.reflect.DirectMethodHandleAccessor.invoke(DirectMethodHandleAccessor.java:104)
	at java.base/java.lang.reflect.Method.invoke(Method.java:578)
	at org.springframework.aop.support.AopUtils.invokeJoinpointUsingReflection(AopUtils.java:343)
	at org.springframework.aop.framework.ReflectiveMethodInvocation.invokeJoinpoint(ReflectiveMethodInvocation.java:196)
	at org.springframework.aop.framework.ReflectiveMethodInvocation.proceed(ReflectiveMethodInvocation.java:163)
	at org.springframework.aop.framework.CglibAopProxy$CglibMethodInvocation.proceed(CglibAopProxy.java:756)
	at org.springframework.aop.interceptor.ExposeInvocationInterceptor.invoke(ExposeInvocationInterceptor.java:97)
	at org.springframework.aop.framework.ReflectiveMethodInvocation.proceed(ReflectiveMethodInvocation.java:184)
	at org.springframework.aop.framework.CglibAopProxy$CglibMethodInvocation.proceed(CglibAopProxy.java:756)
	at org.springframework.aop.framework.CglibAopProxy$DynamicAdvisedInterceptor.intercept(CglibAopProxy.java:708)
	at io.proj3ct.LatifFirstSpringBot.service.TelegramBot$$SpringCGLIB$$0.onUpdatesReceived(<generated>)
	at org.telegram.telegrambots.updatesreceivers.DefaultBotSession$HandlerThread.run(DefaultBotSession.java:317)
11.07.2023 18:57:11.484 [LatifFirstBot Telegram Executor] ERROR o.t.t.u.DefaultBotSession - Cannot invoke "org.telegram.telegrambots.meta.api.objects.Message.getMessageId()" because the return value of "org.telegram.telegrambots.meta.api.objects.Update.getMessage()" is null
java.lang.NullPointerException: Cannot invoke "org.telegram.telegrambots.meta.api.objects.Message.getMessageId()" because the return value of "org.telegram.telegrambots.meta.api.objects.Update.getMessage()" is null
	at io.proj3ct.LatifFirstSpringBot.service.TelegramBot.onUpdateReceived(TelegramBot.java:89)
	at java.base/java.util.ArrayList.forEach(ArrayList.java:1511)
	at org.telegram.telegrambots.meta.generics.LongPollingBot.onUpdatesReceived(LongPollingBot.java:27)
	at java.base/jdk.internal.reflect.DirectMethodHandleAccessor.invoke(DirectMethodHandleAccessor.java:104)
	at java.base/java.lang.reflect.Method.invoke(Method.java:578)
	at org.springframework.aop.support.AopUtils.invokeJoinpointUsingReflection(AopUtils.java:343)
	at org.springframework.aop.framework.ReflectiveMethodInvocation.invokeJoinpoint(ReflectiveMethodInvocation.java:196)
	at org.springframework.aop.framework.ReflectiveMethodInvocation.proceed(ReflectiveMethodInvocation.java:163)
	at org.springframework.aop.framework.CglibAopProxy$CglibMethodInvocation.proceed(CglibAopProxy.java:756)
	at org.springframework.aop.interceptor.ExposeInvocationInterceptor.invoke(ExposeInvocationInterceptor.java:97)
	at org.springframework.aop.framework.ReflectiveMethodInvocation.proceed(ReflectiveMethodInvocation.java:184)
	at org.springframework.aop.framework.CglibAopProxy$CglibMethodInvocation.proceed(CglibAopProxy.java:756)
	at org.springframework.aop.framework.CglibAopProxy$DynamicAdvisedInterceptor.intercept(CglibAopProxy.java:708)
	at io.proj3ct.LatifFirstSpringBot.service.TelegramBot$$SpringCGLIB$$0.onUpdatesReceived(<generated>)
	at org.telegram.telegrambots.updatesreceivers.DefaultBotSession$HandlerThread.run(DefaultBotSession.java:317)
11.07.2023 18:57:15.093 [LatifFirstBot Telegram Executor] ERROR o.t.t.u.DefaultBotSession - Cannot invoke "org.telegram.telegrambots.meta.api.objects.Message.getMessageId()" because the return value of "org.telegram.telegrambots.meta.api.objects.Update.getMessage()" is null
java.lang.NullPointerException: Cannot invoke "org.telegram.telegrambots.meta.api.objects.Message.getMessageId()" because the return value of "org.telegram.telegrambots.meta.api.objects.Update.getMessage()" is null
	at io.proj3ct.LatifFirstSpringBot.service.TelegramBot.onUpdateReceived(TelegramBot.java:89)
	at java.base/java.util.ArrayList.forEach(ArrayList.java:1511)
	at org.telegram.telegrambots.meta.generics.LongPollingBot.onUpdatesReceived(LongPollingBot.java:27)
	at java.base/jdk.internal.reflect.DirectMethodHandleAccessor.invoke(DirectMethodHandleAccessor.java:104)
	at java.base/java.lang.reflect.Method.invoke(Method.java:578)
	at org.springframework.aop.support.AopUtils.invokeJoinpointUsingReflection(AopUtils.java:343)
	at org.springframework.aop.framework.ReflectiveMethodInvocation.invokeJoinpoint(ReflectiveMethodInvocation.java:196)
	at org.springframework.aop.framework.ReflectiveMethodInvocation.proceed(ReflectiveMethodInvocation.java:163)
	at org.springframework.aop.framework.CglibAopProxy$CglibMethodInvocation.proceed(CglibAopProxy.java:756)
	at org.springframework.aop.interceptor.ExposeInvocationInterceptor.invoke(ExposeInvocationInterceptor.java:97)
	at org.springframework.aop.framework.ReflectiveMethodInvocation.proceed(ReflectiveMethodInvocation.java:184)
	at org.springframework.aop.framework.CglibAopProxy$CglibMethodInvocation.proceed(CglibAopProxy.java:756)
	at org.springframework.aop.framework.CglibAopProxy$DynamicAdvisedInterceptor.intercept(CglibAopProxy.java:708)
	at io.proj3ct.LatifFirstSpringBot.service.TelegramBot$$SpringCGLIB$$0.onUpdatesReceived(<generated>)
	at org.telegram.telegrambots.updatesreceivers.DefaultBotSession$HandlerThread.run(DefaultBotSession.java:317)
11.07.2023 18:57:15.221 [LatifFirstBot Telegram Executor] ERROR o.t.t.u.DefaultBotSession - Cannot invoke "org.telegram.telegrambots.meta.api.objects.Message.getMessageId()" because the return value of "org.telegram.telegrambots.meta.api.objects.Update.getMessage()" is null
java.lang.NullPointerException: Cannot invoke "org.telegram.telegrambots.meta.api.objects.Message.getMessageId()" because the return value of "org.telegram.telegrambots.meta.api.objects.Update.getMessage()" is null
	at io.proj3ct.LatifFirstSpringBot.service.TelegramBot.onUpdateReceived(TelegramBot.java:89)
	at java.base/java.util.ArrayList.forEach(ArrayList.java:1511)
	at org.telegram.telegrambots.meta.generics.LongPollingBot.onUpdatesReceived(LongPollingBot.java:27)
	at java.base/jdk.internal.reflect.DirectMethodHandleAccessor.invoke(DirectMethodHandleAccessor.java:104)
	at java.base/java.lang.reflect.Method.invoke(Method.java:578)
	at org.springframework.aop.support.AopUtils.invokeJoinpointUsingReflection(AopUtils.java:343)
	at org.springframework.aop.framework.ReflectiveMethodInvocation.invokeJoinpoint(ReflectiveMethodInvocation.java:196)
	at org.springframework.aop.framework.ReflectiveMethodInvocation.proceed(ReflectiveMethodInvocation.java:163)
	at org.springframework.aop.framework.CglibAopProxy$CglibMethodInvocation.proceed(CglibAopProxy.java:756)
	at org.springframework.aop.interceptor.ExposeInvocationInterceptor.invoke(ExposeInvocationInterceptor.java:97)
	at org.springframework.aop.framework.ReflectiveMethodInvocation.proceed(ReflectiveMethodInvocation.java:184)
	at org.springframework.aop.framework.CglibAopProxy$CglibMethodInvocation.proceed(CglibAopProxy.java:756)
	at org.springframework.aop.framework.CglibAopProxy$DynamicAdvisedInterceptor.intercept(CglibAopProxy.java:708)
	at io.proj3ct.LatifFirstSpringBot.service.TelegramBot$$SpringCGLIB$$0.onUpdatesReceived(<generated>)
	at org.telegram.telegrambots.updatesreceivers.DefaultBotSession$HandlerThread.run(DefaultBotSession.java:317)
11.07.2023 18:57:52.744 [LatifFirstBot Telegram Executor] ERROR o.t.t.u.DefaultBotSession - Cannot invoke "org.telegram.telegrambots.meta.api.objects.Message.getMessageId()" because the return value of "org.telegram.telegrambots.meta.api.objects.Update.getMessage()" is null
java.lang.NullPointerException: Cannot invoke "org.telegram.telegrambots.meta.api.objects.Message.getMessageId()" because the return value of "org.telegram.telegrambots.meta.api.objects.Update.getMessage()" is null
	at io.proj3ct.LatifFirstSpringBot.service.TelegramBot.onUpdateReceived(TelegramBot.java:89)
	at java.base/java.util.ArrayList.forEach(ArrayList.java:1511)
	at org.telegram.telegrambots.meta.generics.LongPollingBot.onUpdatesReceived(LongPollingBot.java:27)
	at java.base/jdk.internal.reflect.DirectMethodHandleAccessor.invoke(DirectMethodHandleAccessor.java:104)
	at java.base/java.lang.reflect.Method.invoke(Method.java:578)
	at org.springframework.aop.support.AopUtils.invokeJoinpointUsingReflection(AopUtils.java:343)
	at org.springframework.aop.framework.ReflectiveMethodInvocation.invokeJoinpoint(ReflectiveMethodInvocation.java:196)
	at org.springframework.aop.framework.ReflectiveMethodInvocation.proceed(ReflectiveMethodInvocation.java:163)
	at org.springframework.aop.framework.CglibAopProxy$CglibMethodInvocation.proceed(CglibAopProxy.java:756)
	at org.springframework.aop.interceptor.ExposeInvocationInterceptor.invoke(ExposeInvocationInterceptor.java:97)
	at org.springframework.aop.framework.ReflectiveMethodInvocation.proceed(ReflectiveMethodInvocation.java:184)
	at org.springframework.aop.framework.CglibAopProxy$CglibMethodInvocation.proceed(CglibAopProxy.java:756)
	at org.springframework.aop.framework.CglibAopProxy$DynamicAdvisedInterceptor.intercept(CglibAopProxy.java:708)
	at io.proj3ct.LatifFirstSpringBot.service.TelegramBot$$SpringCGLIB$$0.onUpdatesReceived(<generated>)
	at org.telegram.telegrambots.updatesreceivers.DefaultBotSession$HandlerThread.run(DefaultBotSession.java:317)
11.07.2023 19:06:25.958 [HikariPool-1 housekeeper] WARN  c.z.h.p.HikariPool - HikariPool-1 - Thread starvation or clock leap detected (housekeeper delta=6m13s267ms84µs300ns).
11.07.2023 19:09:08.878 [SpringApplicationShutdownHook] INFO  o.s.o.j.LocalContainerEntityManagerFactoryBean - Closing JPA EntityManagerFactory for persistence unit 'default'
11.07.2023 19:09:08.974 [SpringApplicationShutdownHook] INFO  c.z.h.HikariDataSource - HikariPool-1 - Shutdown initiated...
11.07.2023 19:09:09.003 [SpringApplicationShutdownHook] INFO  c.z.h.HikariDataSource - HikariPool-1 - Shutdown completed.
11.07.2023 19:10:07.210 [main] INFO  i.p.L.LatifFirstSpringBotApplication - Starting LatifFirstSpringBotApplication using Java 20.0.1 with PID 17200 (D:\IdeaProjects\LatifFirstSpringBot\target\classes started by User in D:\IdeaProjects\LatifFirstSpringBot)
11.07.2023 19:10:07.214 [main] INFO  i.p.L.LatifFirstSpringBotApplication - No active profile set, falling back to 1 default profile: "default"
11.07.2023 19:10:08.648 [main] INFO  o.s.d.r.c.RepositoryConfigurationDelegate - Bootstrapping Spring Data JPA repositories in DEFAULT mode.
11.07.2023 19:10:08.771 [main] INFO  o.s.d.r.c.RepositoryConfigurationDelegate - Finished Spring Data repository scanning in 109 ms. Found 1 JPA repository interfaces.
11.07.2023 19:10:10.723 [main] INFO  o.s.b.w.e.t.TomcatWebServer - Tomcat initialized with port(s): 8080 (http)
11.07.2023 19:10:10.743 [main] INFO  o.a.c.c.StandardService - Starting service [Tomcat]
11.07.2023 19:10:10.744 [main] INFO  o.a.c.c.StandardEngine - Starting Servlet engine: [Apache Tomcat/10.1.10]
11.07.2023 19:10:10.988 [main] INFO  o.a.c.c.C.[.[.[/] - Initializing Spring embedded WebApplicationContext
11.07.2023 19:10:10.989 [main] INFO  o.s.b.w.s.c.ServletWebServerApplicationContext - Root WebApplicationContext: initialization completed in 3670 ms
11.07.2023 19:10:11.531 [main] INFO  o.h.j.i.u.LogHelper - HHH000204: Processing PersistenceUnitInfo [name: default]
11.07.2023 19:10:11.759 [main] INFO  o.hibernate.Version - HHH000412: Hibernate ORM core version 6.2.5.Final
11.07.2023 19:10:11.773 [main] INFO  o.h.cfg.Environment - HHH000406: Using bytecode reflection optimizer
11.07.2023 19:10:12.318 [main] INFO  o.h.b.i.BytecodeProviderInitiator - HHH000021: Bytecode provider name : bytebuddy
11.07.2023 19:10:12.798 [main] INFO  o.s.o.j.p.SpringPersistenceUnitInfo - No LoadTimeWeaver setup: ignoring JPA class transformer
11.07.2023 19:10:12.861 [main] INFO  c.z.h.HikariDataSource - HikariPool-1 - Starting...
11.07.2023 19:10:13.847 [main] INFO  c.z.h.p.HikariPool - HikariPool-1 - Added connection com.mysql.cj.jdbc.ConnectionImpl@709d6de5
11.07.2023 19:10:13.852 [main] INFO  c.z.h.HikariDataSource - HikariPool-1 - Start completed.
11.07.2023 19:10:13.971 [main] WARN  o.h.orm.deprecation - HHH90000026: MySQL8Dialect has been deprecated; use org.hibernate.dialect.MySQLDialect instead
11.07.2023 19:10:14.534 [main] INFO  o.h.b.i.BytecodeProviderInitiator - HHH000021: Bytecode provider name : bytebuddy
11.07.2023 19:10:16.131 [main] INFO  o.h.e.t.j.p.i.JtaPlatformInitiator - HHH000490: Using JtaPlatform implementation: [org.hibernate.engine.transaction.jta.platform.internal.NoJtaPlatform]
11.07.2023 19:10:16.260 [main] INFO  o.s.o.j.LocalContainerEntityManagerFactoryBean - Initialized JPA EntityManagerFactory for persistence unit 'default'
11.07.2023 19:10:18.495 [main] INFO  o.s.a.f.CglibAopProxy - Unable to proxy interface-implementing method [public final org.telegram.telegrambots.bots.DefaultBotOptions org.telegram.telegrambots.bots.DefaultAbsSender.getOptions()] because it is marked as final: Consider using interface-based JDK proxies instead!
11.07.2023 19:10:18.838 [main] WARN  o.s.b.a.o.j.JpaBaseConfiguration$JpaWebConfiguration - spring.jpa.open-in-view is enabled by default. Therefore, database queries may be performed during view rendering. Explicitly configure spring.jpa.open-in-view to disable this warning
11.07.2023 19:10:20.543 [main] INFO  o.s.b.w.e.t.TomcatWebServer - Tomcat started on port(s): 8080 (http) with context path ''
11.07.2023 19:10:20.583 [main] INFO  i.p.L.a.LoggingAspect - RUN SERVICE:
SERVICE_METHOD : io.proj3ct.LatifFirstSpringBot.service.TelegramBot.getBotToken
11.07.2023 19:10:20.585 [main] INFO  i.p.L.a.LoggingAspect - 
Return value: 6394428886:AAFTbMYhylKKIXdqQwlAcgZM_yoGU1LymV0
END OF REQUEST
11.07.2023 19:10:20.589 [main] INFO  i.p.L.a.LoggingAspect - RUN SERVICE:
SERVICE_METHOD : io.proj3ct.LatifFirstSpringBot.service.TelegramBot.getBotUsername
11.07.2023 19:10:20.591 [main] INFO  i.p.L.a.LoggingAspect - 
Return value: LatifFirstBot
END OF REQUEST
11.07.2023 19:10:20.667 [main] INFO  i.p.L.a.LoggingAspect - RUN SERVICE:
SERVICE_METHOD : io.proj3ct.LatifFirstSpringBot.service.TelegramBot.getBotToken
11.07.2023 19:10:20.667 [main] INFO  i.p.L.a.LoggingAspect - 
Return value: 6394428886:AAFTbMYhylKKIXdqQwlAcgZM_yoGU1LymV0
END OF REQUEST
11.07.2023 19:10:20.676 [main] INFO  i.p.L.a.LoggingAspect - RUN SERVICE:
SERVICE_METHOD : io.proj3ct.LatifFirstSpringBot.service.TelegramBot.getBotUsername
11.07.2023 19:10:20.677 [main] INFO  i.p.L.a.LoggingAspect - 
Return value: LatifFirstBot
END OF REQUEST
11.07.2023 19:10:20.688 [main] INFO  i.p.L.a.LoggingAspect - RUN SERVICE:
SERVICE_METHOD : io.proj3ct.LatifFirstSpringBot.service.TelegramBot.getBotUsername
11.07.2023 19:10:20.688 [main] INFO  i.p.L.a.LoggingAspect - 
Return value: LatifFirstBot
END OF REQUEST
11.07.2023 19:10:20.692 [main] INFO  i.p.L.LatifFirstSpringBotApplication - Started LatifFirstSpringBotApplication in 14.201 seconds (process running for 16.193)
11.07.2023 19:10:27.773 [LatifFirstBot Telegram Executor] INFO  i.p.L.s.TelegramBot - user saved User(chatId=5100940292, forename=Λατίφους, surname=Саит, userName=Sailatif, registeredAT=2023-07-11T19:10:27.640306600)
11.07.2023 19:10:27.910 [LatifFirstBot Telegram Executor] INFO  i.p.L.s.TelegramBot - Replied to user: Λατίφους
11.07.2023 19:10:55.392 [SpringApplicationShutdownHook] INFO  o.s.o.j.LocalContainerEntityManagerFactoryBean - Closing JPA EntityManagerFactory for persistence unit 'default'
11.07.2023 19:10:55.399 [SpringApplicationShutdownHook] INFO  c.z.h.HikariDataSource - HikariPool-1 - Shutdown initiated...
11.07.2023 19:10:55.424 [SpringApplicationShutdownHook] INFO  c.z.h.HikariDataSource - HikariPool-1 - Shutdown completed.
11.07.2023 23:30:09.358 [main] INFO  i.p.L.LatifFirstSpringBotApplication - Starting LatifFirstSpringBotApplication using Java 20.0.1 with PID 20320 (D:\IdeaProjects\LatifFirstSpringBot\target\classes started by User in D:\IdeaProjects\LatifFirstSpringBot)
11.07.2023 23:30:09.362 [main] INFO  i.p.L.LatifFirstSpringBotApplication - No active profile set, falling back to 1 default profile: "default"
11.07.2023 23:30:10.996 [main] INFO  o.s.d.r.c.RepositoryConfigurationDelegate - Bootstrapping Spring Data JPA repositories in DEFAULT mode.
11.07.2023 23:30:11.188 [main] INFO  o.s.d.r.c.RepositoryConfigurationDelegate - Finished Spring Data repository scanning in 162 ms. Found 1 JPA repository interfaces.
11.07.2023 23:30:13.078 [main] INFO  o.s.b.w.e.t.TomcatWebServer - Tomcat initialized with port(s): 8080 (http)
11.07.2023 23:30:13.100 [main] INFO  o.a.c.c.StandardService - Starting service [Tomcat]
11.07.2023 23:30:13.101 [main] INFO  o.a.c.c.StandardEngine - Starting Servlet engine: [Apache Tomcat/10.1.10]
11.07.2023 23:30:13.307 [main] INFO  o.a.c.c.C.[.[.[/] - Initializing Spring embedded WebApplicationContext
11.07.2023 23:30:13.309 [main] INFO  o.s.b.w.s.c.ServletWebServerApplicationContext - Root WebApplicationContext: initialization completed in 3856 ms
11.07.2023 23:30:13.697 [main] INFO  o.h.j.i.u.LogHelper - HHH000204: Processing PersistenceUnitInfo [name: default]
11.07.2023 23:30:13.869 [main] INFO  o.hibernate.Version - HHH000412: Hibernate ORM core version 6.2.5.Final
11.07.2023 23:30:13.874 [main] INFO  o.h.cfg.Environment - HHH000406: Using bytecode reflection optimizer
11.07.2023 23:30:14.231 [main] INFO  o.h.b.i.BytecodeProviderInitiator - HHH000021: Bytecode provider name : bytebuddy
11.07.2023 23:30:14.581 [main] INFO  o.s.o.j.p.SpringPersistenceUnitInfo - No LoadTimeWeaver setup: ignoring JPA class transformer
11.07.2023 23:30:14.622 [main] INFO  c.z.h.HikariDataSource - HikariPool-1 - Starting...
11.07.2023 23:30:15.654 [main] INFO  c.z.h.p.HikariPool - HikariPool-1 - Added connection com.mysql.cj.jdbc.ConnectionImpl@7645b7d
11.07.2023 23:30:15.657 [main] INFO  c.z.h.HikariDataSource - HikariPool-1 - Start completed.
11.07.2023 23:30:15.857 [main] WARN  o.h.orm.deprecation - HHH90000026: MySQL8Dialect has been deprecated; use org.hibernate.dialect.MySQLDialect instead
11.07.2023 23:30:16.660 [main] INFO  o.h.b.i.BytecodeProviderInitiator - HHH000021: Bytecode provider name : bytebuddy
11.07.2023 23:30:18.073 [main] INFO  o.h.e.t.j.p.i.JtaPlatformInitiator - HHH000490: Using JtaPlatform implementation: [org.hibernate.engine.transaction.jta.platform.internal.NoJtaPlatform]
11.07.2023 23:30:18.317 [main] INFO  o.s.o.j.LocalContainerEntityManagerFactoryBean - Initialized JPA EntityManagerFactory for persistence unit 'default'
11.07.2023 23:30:20.763 [main] INFO  o.s.a.f.CglibAopProxy - Unable to proxy interface-implementing method [public final org.telegram.telegrambots.bots.DefaultBotOptions org.telegram.telegrambots.bots.DefaultAbsSender.getOptions()] because it is marked as final: Consider using interface-based JDK proxies instead!
11.07.2023 23:30:20.956 [main] WARN  o.s.b.a.o.j.JpaBaseConfiguration$JpaWebConfiguration - spring.jpa.open-in-view is enabled by default. Therefore, database queries may be performed during view rendering. Explicitly configure spring.jpa.open-in-view to disable this warning
11.07.2023 23:30:22.082 [main] INFO  o.s.b.w.e.t.TomcatWebServer - Tomcat started on port(s): 8080 (http) with context path ''
11.07.2023 23:30:22.123 [main] INFO  i.p.L.a.LoggingAspect - RUN SERVICE:
SERVICE_METHOD : io.proj3ct.LatifFirstSpringBot.service.TelegramBot.getBotToken
11.07.2023 23:30:22.125 [main] INFO  i.p.L.a.LoggingAspect - 
Return value: 6394428886:AAFTbMYhylKKIXdqQwlAcgZM_yoGU1LymV0
END OF REQUEST
11.07.2023 23:30:22.130 [main] INFO  i.p.L.a.LoggingAspect - RUN SERVICE:
SERVICE_METHOD : io.proj3ct.LatifFirstSpringBot.service.TelegramBot.getBotUsername
11.07.2023 23:30:22.130 [main] INFO  i.p.L.a.LoggingAspect - 
Return value: LatifFirstBot
END OF REQUEST
11.07.2023 23:30:22.221 [main] INFO  i.p.L.a.LoggingAspect - RUN SERVICE:
SERVICE_METHOD : io.proj3ct.LatifFirstSpringBot.service.TelegramBot.getBotToken
11.07.2023 23:30:22.222 [main] INFO  i.p.L.a.LoggingAspect - 
Return value: 6394428886:AAFTbMYhylKKIXdqQwlAcgZM_yoGU1LymV0
END OF REQUEST
11.07.2023 23:30:22.229 [main] INFO  i.p.L.a.LoggingAspect - RUN SERVICE:
SERVICE_METHOD : io.proj3ct.LatifFirstSpringBot.service.TelegramBot.getBotUsername
11.07.2023 23:30:22.229 [main] INFO  i.p.L.a.LoggingAspect - 
Return value: LatifFirstBot
END OF REQUEST
11.07.2023 23:30:22.238 [main] INFO  i.p.L.a.LoggingAspect - RUN SERVICE:
SERVICE_METHOD : io.proj3ct.LatifFirstSpringBot.service.TelegramBot.getBotUsername
11.07.2023 23:30:22.239 [main] INFO  i.p.L.a.LoggingAspect - 
Return value: LatifFirstBot
END OF REQUEST
11.07.2023 23:30:22.246 [main] INFO  i.p.L.LatifFirstSpringBotApplication - Started LatifFirstSpringBotApplication in 13.703 seconds (process running for 15.768)
11.07.2023 23:30:44.853 [LatifFirstBot Telegram Executor] INFO  i.p.L.s.TelegramBot - user saved User(chatId=5100940292, forename=Λατίφους, surname=Саит, userName=Sailatif, registeredAT=2023-07-11T23:30:44.744420300)
11.07.2023 23:30:44.982 [LatifFirstBot Telegram Executor] INFO  i.p.L.s.TelegramBot - Replied to user: Λατίφους
11.07.2023 23:30:54.933 [LatifFirstBot Telegram Executor] ERROR o.t.t.u.DefaultBotSession - Cannot invoke "org.telegram.telegrambots.meta.api.objects.Message.getMessageId()" because the return value of "org.telegram.telegrambots.meta.api.objects.Update.getMessage()" is null
java.lang.NullPointerException: Cannot invoke "org.telegram.telegrambots.meta.api.objects.Message.getMessageId()" because the return value of "org.telegram.telegrambots.meta.api.objects.Update.getMessage()" is null
	at io.proj3ct.LatifFirstSpringBot.service.TelegramBot.onUpdateReceived(TelegramBot.java:89)
	at java.base/java.util.ArrayList.forEach(ArrayList.java:1511)
	at org.telegram.telegrambots.meta.generics.LongPollingBot.onUpdatesReceived(LongPollingBot.java:27)
	at java.base/jdk.internal.reflect.DirectMethodHandleAccessor.invoke(DirectMethodHandleAccessor.java:104)
	at java.base/java.lang.reflect.Method.invoke(Method.java:578)
	at org.springframework.aop.support.AopUtils.invokeJoinpointUsingReflection(AopUtils.java:343)
	at org.springframework.aop.framework.ReflectiveMethodInvocation.invokeJoinpoint(ReflectiveMethodInvocation.java:196)
	at org.springframework.aop.framework.ReflectiveMethodInvocation.proceed(ReflectiveMethodInvocation.java:163)
	at org.springframework.aop.framework.CglibAopProxy$CglibMethodInvocation.proceed(CglibAopProxy.java:756)
	at org.springframework.aop.interceptor.ExposeInvocationInterceptor.invoke(ExposeInvocationInterceptor.java:97)
	at org.springframework.aop.framework.ReflectiveMethodInvocation.proceed(ReflectiveMethodInvocation.java:184)
	at org.springframework.aop.framework.CglibAopProxy$CglibMethodInvocation.proceed(CglibAopProxy.java:756)
	at org.springframework.aop.framework.CglibAopProxy$DynamicAdvisedInterceptor.intercept(CglibAopProxy.java:708)
	at io.proj3ct.LatifFirstSpringBot.service.TelegramBot$$SpringCGLIB$$0.onUpdatesReceived(<generated>)
	at org.telegram.telegrambots.updatesreceivers.DefaultBotSession$HandlerThread.run(DefaultBotSession.java:317)
11.07.2023 23:33:57.513 [LatifFirstBot Telegram Executor] ERROR o.t.t.u.DefaultBotSession - Cannot invoke "org.telegram.telegrambots.meta.api.objects.Message.getMessageId()" because the return value of "org.telegram.telegrambots.meta.api.objects.Update.getMessage()" is null
java.lang.NullPointerException: Cannot invoke "org.telegram.telegrambots.meta.api.objects.Message.getMessageId()" because the return value of "org.telegram.telegrambots.meta.api.objects.Update.getMessage()" is null
	at io.proj3ct.LatifFirstSpringBot.service.TelegramBot.onUpdateReceived(TelegramBot.java:89)
	at java.base/java.util.ArrayList.forEach(ArrayList.java:1511)
	at org.telegram.telegrambots.meta.generics.LongPollingBot.onUpdatesReceived(LongPollingBot.java:27)
	at java.base/jdk.internal.reflect.DirectMethodHandleAccessor.invoke(DirectMethodHandleAccessor.java:104)
	at java.base/java.lang.reflect.Method.invoke(Method.java:578)
	at org.springframework.aop.support.AopUtils.invokeJoinpointUsingReflection(AopUtils.java:343)
	at org.springframework.aop.framework.ReflectiveMethodInvocation.invokeJoinpoint(ReflectiveMethodInvocation.java:196)
	at org.springframework.aop.framework.ReflectiveMethodInvocation.proceed(ReflectiveMethodInvocation.java:163)
	at org.springframework.aop.framework.CglibAopProxy$CglibMethodInvocation.proceed(CglibAopProxy.java:756)
	at org.springframework.aop.interceptor.ExposeInvocationInterceptor.invoke(ExposeInvocationInterceptor.java:97)
	at org.springframework.aop.framework.ReflectiveMethodInvocation.proceed(ReflectiveMethodInvocation.java:184)
	at org.springframework.aop.framework.CglibAopProxy$CglibMethodInvocation.proceed(CglibAopProxy.java:756)
	at org.springframework.aop.framework.CglibAopProxy$DynamicAdvisedInterceptor.intercept(CglibAopProxy.java:708)
	at io.proj3ct.LatifFirstSpringBot.service.TelegramBot$$SpringCGLIB$$0.onUpdatesReceived(<generated>)
	at org.telegram.telegrambots.updatesreceivers.DefaultBotSession$HandlerThread.run(DefaultBotSession.java:317)
11.07.2023 23:37:06.719 [SpringApplicationShutdownHook] INFO  o.s.o.j.LocalContainerEntityManagerFactoryBean - Closing JPA EntityManagerFactory for persistence unit 'default'
11.07.2023 23:37:06.725 [SpringApplicationShutdownHook] INFO  c.z.h.HikariDataSource - HikariPool-1 - Shutdown initiated...
11.07.2023 23:37:06.740 [SpringApplicationShutdownHook] INFO  c.z.h.HikariDataSource - HikariPool-1 - Shutdown completed.
11.07.2023 23:43:51.684 [main] INFO  i.p.L.LatifFirstSpringBotApplication - Starting LatifFirstSpringBotApplication using Java 20.0.1 with PID 13684 (D:\IdeaProjects\LatifFirstSpringBot\target\classes started by User in D:\IdeaProjects\LatifFirstSpringBot)
11.07.2023 23:43:51.687 [main] INFO  i.p.L.LatifFirstSpringBotApplication - No active profile set, falling back to 1 default profile: "default"
11.07.2023 23:43:53.138 [main] INFO  o.s.d.r.c.RepositoryConfigurationDelegate - Bootstrapping Spring Data JPA repositories in DEFAULT mode.
11.07.2023 23:43:53.244 [main] INFO  o.s.d.r.c.RepositoryConfigurationDelegate - Finished Spring Data repository scanning in 89 ms. Found 1 JPA repository interfaces.
11.07.2023 23:43:54.828 [main] INFO  o.s.b.w.e.t.TomcatWebServer - Tomcat initialized with port(s): 8080 (http)
11.07.2023 23:43:54.890 [main] INFO  o.a.c.c.StandardService - Starting service [Tomcat]
11.07.2023 23:43:54.891 [main] INFO  o.a.c.c.StandardEngine - Starting Servlet engine: [Apache Tomcat/10.1.10]
11.07.2023 23:43:55.158 [main] INFO  o.a.c.c.C.[.[.[/] - Initializing Spring embedded WebApplicationContext
11.07.2023 23:43:55.159 [main] INFO  o.s.b.w.s.c.ServletWebServerApplicationContext - Root WebApplicationContext: initialization completed in 3381 ms
11.07.2023 23:43:55.469 [main] INFO  o.h.j.i.u.LogHelper - HHH000204: Processing PersistenceUnitInfo [name: default]
11.07.2023 23:43:55.651 [main] INFO  o.hibernate.Version - HHH000412: Hibernate ORM core version 6.2.5.Final
11.07.2023 23:43:55.658 [main] INFO  o.h.cfg.Environment - HHH000406: Using bytecode reflection optimizer
11.07.2023 23:43:56.006 [main] INFO  o.h.b.i.BytecodeProviderInitiator - HHH000021: Bytecode provider name : bytebuddy
11.07.2023 23:43:56.464 [main] INFO  o.s.o.j.p.SpringPersistenceUnitInfo - No LoadTimeWeaver setup: ignoring JPA class transformer
11.07.2023 23:43:56.526 [main] INFO  c.z.h.HikariDataSource - HikariPool-1 - Starting...
11.07.2023 23:43:57.665 [main] INFO  c.z.h.p.HikariPool - HikariPool-1 - Added connection com.mysql.cj.jdbc.ConnectionImpl@69a90b81
11.07.2023 23:43:57.670 [main] INFO  c.z.h.HikariDataSource - HikariPool-1 - Start completed.
11.07.2023 23:43:57.785 [main] WARN  o.h.orm.deprecation - HHH90000026: MySQL8Dialect has been deprecated; use org.hibernate.dialect.MySQLDialect instead
11.07.2023 23:43:58.294 [main] INFO  o.h.b.i.BytecodeProviderInitiator - HHH000021: Bytecode provider name : bytebuddy
11.07.2023 23:43:59.851 [main] INFO  o.h.e.t.j.p.i.JtaPlatformInitiator - HHH000490: Using JtaPlatform implementation: [org.hibernate.engine.transaction.jta.platform.internal.NoJtaPlatform]
11.07.2023 23:44:00.023 [main] INFO  o.s.o.j.LocalContainerEntityManagerFactoryBean - Initialized JPA EntityManagerFactory for persistence unit 'default'
11.07.2023 23:44:02.198 [main] INFO  o.s.a.f.CglibAopProxy - Unable to proxy interface-implementing method [public final org.telegram.telegrambots.bots.DefaultBotOptions org.telegram.telegrambots.bots.DefaultAbsSender.getOptions()] because it is marked as final: Consider using interface-based JDK proxies instead!
11.07.2023 23:44:02.426 [main] WARN  o.s.b.a.o.j.JpaBaseConfiguration$JpaWebConfiguration - spring.jpa.open-in-view is enabled by default. Therefore, database queries may be performed during view rendering. Explicitly configure spring.jpa.open-in-view to disable this warning
11.07.2023 23:44:03.551 [main] INFO  o.s.b.w.e.t.TomcatWebServer - Tomcat started on port(s): 8080 (http) with context path ''
11.07.2023 23:44:03.575 [main] INFO  i.p.L.a.LoggingAspect - RUN SERVICE:
SERVICE_METHOD : io.proj3ct.LatifFirstSpringBot.service.TelegramBot.getBotToken
11.07.2023 23:44:03.575 [main] INFO  i.p.L.a.LoggingAspect - 
Return value: 6394428886:AAFTbMYhylKKIXdqQwlAcgZM_yoGU1LymV0
END OF REQUEST
11.07.2023 23:44:03.579 [main] INFO  i.p.L.a.LoggingAspect - RUN SERVICE:
SERVICE_METHOD : io.proj3ct.LatifFirstSpringBot.service.TelegramBot.getBotUsername
11.07.2023 23:44:03.579 [main] INFO  i.p.L.a.LoggingAspect - 
Return value: LatifFirstBot
END OF REQUEST
11.07.2023 23:44:03.844 [main] INFO  i.p.L.a.LoggingAspect - RUN SERVICE:
SERVICE_METHOD : io.proj3ct.LatifFirstSpringBot.service.TelegramBot.getBotToken
11.07.2023 23:44:03.845 [main] INFO  i.p.L.a.LoggingAspect - 
Return value: 6394428886:AAFTbMYhylKKIXdqQwlAcgZM_yoGU1LymV0
END OF REQUEST
11.07.2023 23:44:03.852 [main] INFO  i.p.L.a.LoggingAspect - RUN SERVICE:
SERVICE_METHOD : io.proj3ct.LatifFirstSpringBot.service.TelegramBot.getBotUsername
11.07.2023 23:44:03.853 [main] INFO  i.p.L.a.LoggingAspect - 
Return value: LatifFirstBot
END OF REQUEST
11.07.2023 23:44:03.865 [main] INFO  i.p.L.a.LoggingAspect - RUN SERVICE:
SERVICE_METHOD : io.proj3ct.LatifFirstSpringBot.service.TelegramBot.getBotUsername
11.07.2023 23:44:03.865 [main] INFO  i.p.L.a.LoggingAspect - 
Return value: LatifFirstBot
END OF REQUEST
11.07.2023 23:44:03.869 [main] INFO  i.p.L.LatifFirstSpringBotApplication - Started LatifFirstSpringBotApplication in 12.927 seconds (process running for 14.816)
11.07.2023 23:44:05.364 [LatifFirstBot Telegram Executor] INFO  i.p.L.s.TelegramBot - user saved User(chatId=5100940292, forename=Λατίφους, surname=Саит, userName=Sailatif, registeredAT=2023-07-11T23:44:05.177466500)
11.07.2023 23:44:05.540 [LatifFirstBot Telegram Executor] INFO  i.p.L.s.TelegramBot - Replied to user: Λατίφους
11.07.2023 23:48:13.910 [SpringApplicationShutdownHook] INFO  o.s.o.j.LocalContainerEntityManagerFactoryBean - Closing JPA EntityManagerFactory for persistence unit 'default'
11.07.2023 23:48:13.916 [SpringApplicationShutdownHook] INFO  c.z.h.HikariDataSource - HikariPool-1 - Shutdown initiated...
11.07.2023 23:48:13.928 [SpringApplicationShutdownHook] INFO  c.z.h.HikariDataSource - HikariPool-1 - Shutdown completed.
11.07.2023 23:53:42.306 [main] INFO  i.p.L.LatifFirstSpringBotApplication - Starting LatifFirstSpringBotApplication using Java 20.0.1 with PID 20776 (D:\IdeaProjects\LatifFirstSpringBot\target\classes started by User in D:\IdeaProjects\LatifFirstSpringBot)
11.07.2023 23:53:42.310 [main] INFO  i.p.L.LatifFirstSpringBotApplication - No active profile set, falling back to 1 default profile: "default"
11.07.2023 23:53:43.498 [main] INFO  o.s.d.r.c.RepositoryConfigurationDelegate - Bootstrapping Spring Data JPA repositories in DEFAULT mode.
11.07.2023 23:53:43.557 [main] INFO  o.s.d.r.c.RepositoryConfigurationDelegate - Finished Spring Data repository scanning in 52 ms. Found 1 JPA repository interfaces.
11.07.2023 23:53:44.830 [main] INFO  o.s.b.w.e.t.TomcatWebServer - Tomcat initialized with port(s): 8080 (http)
11.07.2023 23:53:44.853 [main] INFO  o.a.c.c.StandardService - Starting service [Tomcat]
11.07.2023 23:53:44.875 [main] INFO  o.a.c.c.StandardEngine - Starting Servlet engine: [Apache Tomcat/10.1.10]
11.07.2023 23:53:45.104 [main] INFO  o.a.c.c.C.[.[.[/] - Initializing Spring embedded WebApplicationContext
11.07.2023 23:53:45.106 [main] INFO  o.s.b.w.s.c.ServletWebServerApplicationContext - Root WebApplicationContext: initialization completed in 2698 ms
11.07.2023 23:53:45.450 [main] INFO  o.h.j.i.u.LogHelper - HHH000204: Processing PersistenceUnitInfo [name: default]
11.07.2023 23:53:45.555 [main] INFO  o.hibernate.Version - HHH000412: Hibernate ORM core version 6.2.5.Final
11.07.2023 23:53:45.559 [main] INFO  o.h.cfg.Environment - HHH000406: Using bytecode reflection optimizer
11.07.2023 23:53:45.836 [main] INFO  o.h.b.i.BytecodeProviderInitiator - HHH000021: Bytecode provider name : bytebuddy
11.07.2023 23:53:46.062 [main] INFO  o.s.o.j.p.SpringPersistenceUnitInfo - No LoadTimeWeaver setup: ignoring JPA class transformer
11.07.2023 23:53:46.092 [main] INFO  c.z.h.HikariDataSource - HikariPool-1 - Starting...
11.07.2023 23:53:46.718 [main] INFO  c.z.h.p.HikariPool - HikariPool-1 - Added connection com.mysql.cj.jdbc.ConnectionImpl@17136390
11.07.2023 23:53:46.721 [main] INFO  c.z.h.HikariDataSource - HikariPool-1 - Start completed.
11.07.2023 23:53:46.803 [main] WARN  o.h.orm.deprecation - HHH90000026: MySQL8Dialect has been deprecated; use org.hibernate.dialect.MySQLDialect instead
11.07.2023 23:53:47.207 [main] INFO  o.h.b.i.BytecodeProviderInitiator - HHH000021: Bytecode provider name : bytebuddy
11.07.2023 23:53:48.364 [main] INFO  o.h.e.t.j.p.i.JtaPlatformInitiator - HHH000490: Using JtaPlatform implementation: [org.hibernate.engine.transaction.jta.platform.internal.NoJtaPlatform]
11.07.2023 23:53:48.530 [main] INFO  o.s.o.j.LocalContainerEntityManagerFactoryBean - Initialized JPA EntityManagerFactory for persistence unit 'default'
11.07.2023 23:53:50.377 [main] INFO  o.s.a.f.CglibAopProxy - Unable to proxy interface-implementing method [public final org.telegram.telegrambots.bots.DefaultBotOptions org.telegram.telegrambots.bots.DefaultAbsSender.getOptions()] because it is marked as final: Consider using interface-based JDK proxies instead!
11.07.2023 23:53:50.571 [main] WARN  o.s.b.a.o.j.JpaBaseConfiguration$JpaWebConfiguration - spring.jpa.open-in-view is enabled by default. Therefore, database queries may be performed during view rendering. Explicitly configure spring.jpa.open-in-view to disable this warning
11.07.2023 23:53:51.702 [main] INFO  o.s.b.w.e.t.TomcatWebServer - Tomcat started on port(s): 8080 (http) with context path ''
11.07.2023 23:53:51.726 [main] INFO  i.p.L.a.LoggingAspect - RUN SERVICE:
SERVICE_METHOD : io.proj3ct.LatifFirstSpringBot.service.TelegramBot.getBotToken
11.07.2023 23:53:51.727 [main] INFO  i.p.L.a.LoggingAspect - 
Return value: 6394428886:AAFTbMYhylKKIXdqQwlAcgZM_yoGU1LymV0
END OF REQUEST
11.07.2023 23:53:51.731 [main] INFO  i.p.L.a.LoggingAspect - RUN SERVICE:
SERVICE_METHOD : io.proj3ct.LatifFirstSpringBot.service.TelegramBot.getBotUsername
11.07.2023 23:53:51.731 [main] INFO  i.p.L.a.LoggingAspect - 
Return value: LatifFirstBot
END OF REQUEST
11.07.2023 23:53:52.002 [main] INFO  i.p.L.a.LoggingAspect - RUN SERVICE:
SERVICE_METHOD : io.proj3ct.LatifFirstSpringBot.service.TelegramBot.getBotToken
11.07.2023 23:53:52.002 [main] INFO  i.p.L.a.LoggingAspect - 
Return value: 6394428886:AAFTbMYhylKKIXdqQwlAcgZM_yoGU1LymV0
END OF REQUEST
11.07.2023 23:53:52.013 [main] INFO  i.p.L.a.LoggingAspect - RUN SERVICE:
SERVICE_METHOD : io.proj3ct.LatifFirstSpringBot.service.TelegramBot.getBotUsername
11.07.2023 23:53:52.014 [main] INFO  i.p.L.a.LoggingAspect - 
Return value: LatifFirstBot
END OF REQUEST
11.07.2023 23:53:52.025 [main] INFO  i.p.L.a.LoggingAspect - RUN SERVICE:
SERVICE_METHOD : io.proj3ct.LatifFirstSpringBot.service.TelegramBot.getBotUsername
11.07.2023 23:53:52.025 [main] INFO  i.p.L.a.LoggingAspect - 
Return value: LatifFirstBot
END OF REQUEST
11.07.2023 23:53:52.035 [main] INFO  i.p.L.LatifFirstSpringBotApplication - Started LatifFirstSpringBotApplication in 10.382 seconds (process running for 11.828)
